#
# A fatal error has been detected by the Java Runtime Environment:
#
#  Internal Error (javaClasses.cpp:129), pid=6888, tid=6364
#  fatal error: Invalid layout of preloaded class
#
# JRE version: 7.0_11-b21
# Java VM: Java HotSpot(TM) Client VM (23.6-b04 mixed mode windows-x86 )
# Failed to write core dump. Minidumps are not enabled by default on client versions of Windows
#
# If you would like to submit a bug report, please visit:
#   http://bugreport.sun.com/bugreport/crash.jsp
#

---------------  T H R E A D  ---------------

Current thread (0x0048ac00):  JavaThread "Unknown thread" [_thread_in_vm, id=6364, stack(0x00410000,0x00460000)]

Stack: [0x00410000,0x00460000],  sp=0x0045f660,  free space=317k
Native frames: (J=compiled Java code, j=interpreted, Vv=VM code, C=native code)
V  [jvm.dll+0x16f311]
V  [jvm.dll+0x1694c6]
V  [jvm.dll+0x2082f]
V  [jvm.dll+0x208b6]
V  [jvm.dll+0x2e64d]
V  [jvm.dll+0x2e8f9]
V  [jvm.dll+0x77d01]
V  [jvm.dll+0x780bb]
V  [jvm.dll+0x129101]
V  [jvm.dll+0x149baa]
V  [jvm.dll+0xa997f]
C  [javaw.exe+0x13ca]
C  [javaw.exe+0x1e3c]
C  [javaw.exe+0xa5e3]
C  [javaw.exe+0xa66d]
C  [KERNEL32.dll+0x133aa]  BaseThreadInitThunk+0x12
C  [ntdll.dll+0x39ef2]  RtlInitializeExceptionChain+0x63
C  [ntdll.dll+0x39ec5]  RtlInitializeExceptionChain+0x36


---------------  P R O C E S S  ---------------

Java Threads: ( => current thread )

Other Threads:

=>0x0048ac00 (exited) JavaThread "Unknown thread" [_thread_in_vm, id=6364, stack(0x00410000,0x00460000)]

VM state:not at safepoint (not fully initialized)

VM Mutex/Monitor currently owned by a thread: None

GC Heap History (0 events):
No events

Deoptimization events (0 events):
No events

Internal exceptions (0 events):
No events

Events (10 events):
Event: 0.190 loading class 0x00e74320 done
Event: 0.191 loading class 0x00e738d0 done
Event: 0.191 loading class 0x00e738a8
Event: 0.191 loading class 0x00ed9dd8
Event: 0.191 loading class 0x00ed9dd8 done
Event: 0.191 loading class 0x00ed9e10
Event: 0.191 loading class 0x00ed9e10 done
Event: 0.191 loading class 0x00eea090
Event: 0.192 loading class 0x00eea090 done
Event: 0.192 loading class 0x00e738a8 done


Dynamic libraries:
0x01290000 - 0x012bf000 	C:\Program Files (x86)\Java\jre7\bin\javaw.exe
0x77080000 - 0x77200000 	C:\Windows\SysWOW64\ntdll.dll
0x71a90000 - 0x71acc000 	C:\Program Files\Alwil Software\Avast5\snxhk.dll
0x76460000 - 0x76570000 	C:\Windows\syswow64\KERNEL32.dll
0x75100000 - 0x75147000 	C:\Windows\syswow64\KERNELBASE.dll
0x75060000 - 0x75100000 	C:\Windows\syswow64\ADVAPI32.dll
0x74df0000 - 0x74e9c000 	C:\Windows\syswow64\msvcrt.dll
0x74ea0000 - 0x74eb9000 	C:\Windows\SysWOW64\sechost.dll
0x76570000 - 0x76660000 	C:\Windows\syswow64\RPCRT4.dll
0x74760000 - 0x747c0000 	C:\Windows\syswow64\SspiCli.dll
0x74750000 - 0x7475c000 	C:\Windows\syswow64\CRYPTBASE.dll
0x75380000 - 0x75480000 	C:\Windows\syswow64\USER32.dll
0x74fd0000 - 0x75060000 	C:\Windows\syswow64\GDI32.dll
0x74c90000 - 0x74c9a000 	C:\Windows\syswow64\LPK.dll
0x74f30000 - 0x74fcd000 	C:\Windows\syswow64\USP10.dll
0x71ad0000 - 0x71c6e000 	C:\Windows\WinSxS\x86_microsoft.windows.common-controls_6595b64144ccf1df_6.0.7601.17514_none_41e6975e2bd6f2b2\COMCTL32.dll
0x74a30000 - 0x74a87000 	C:\Windows\syswow64\SHLWAPI.dll
0x749d0000 - 0x74a30000 	C:\Windows\system32\IMM32.DLL
0x75150000 - 0x7521c000 	C:\Windows\syswow64\MSCTF.dll
0x61b20000 - 0x61bde000 	C:\Program Files (x86)\Java\jre7\bin\msvcr100.dll
0x61ca0000 - 0x61fec000 	C:\Program Files (x86)\Java\jre7\bin\client\jvm.dll
0x74230000 - 0x74237000 	C:\Windows\system32\WSOCK32.dll
0x76280000 - 0x762b5000 	C:\Windows\syswow64\WS2_32.dll
0x00290000 - 0x00296000 	C:\Windows\syswow64\NSI.dll
0x71050000 - 0x71082000 	C:\Windows\system32\WINMM.dll
0x74850000 - 0x74855000 	C:\Windows\syswow64\PSAPI.DLL
0x729e0000 - 0x729ec000 	C:\Program Files (x86)\Java\jre7\bin\verify.dll
0x729c0000 - 0x729e0000 	C:\Program Files (x86)\Java\jre7\bin\java.dll
0x729a0000 - 0x729b3000 	C:\Program Files (x86)\Java\jre7\bin\zip.dll
0x72dc0000 - 0x72eab000 	C:\Windows\system32\dbghelp.dll

VM Arguments:
jvm_args: -Dfile.encoding=Cp1252 -Xbootclasspath:C:\Android\sdk\platforms\android-17\android.jar 
java_command: com.bpingar.arias.model.DatabaseConfigUtil
Launcher Type: SUN_STANDARD

Environment Variables:
JAVA_HOME=C:\Program Files (x86)\Java\jdk1.6.0_38
PATH=C:/Program Files (x86)/Java/jre7/bin/client;C:/Program Files (x86)/Java/jre7/bin;C:/Program Files (x86)/Java/jre7/lib/i386;C:\Program Files (x86)\PC Connectivity Solution\;C:\Program Files\Common Files\Microsoft Shared\Windows Live;C:\Program Files (x86)\Common Files\Microsoft Shared\Windows Live;C:\Windows\system32;C:\Windows;C:\Windows\System32\Wbem;C:\Windows\System32\WindowsPowerShell\v1.0\;C:\Program Files (x86)\ATI Technologies\ATI.ACE\Core-Static;C:\Program Files (x86)\Toshiba\Bluetooth Toshiba Stack\sys\;C:\Program Files (x86)\Toshiba\Bluetooth Toshiba Stack\sys\x64\;C:\Program Files\Broadcom\Broadcom 802.11 Network Adapter\Driver;C:\Program Files (x86)\Windows Live\Shared;C:\Program Files (x86)\Calibre2\;C:\Program Files (x86)\Java\jdk1.6.0_38\bin;;C:\Program Files (x86)\EclipseJuno 32\eclipse;
USERNAME=Siete
OS=Windows_NT
PROCESSOR_IDENTIFIER=Intel64 Family 6 Model 37 Stepping 2, GenuineIntel



---------------  S Y S T E M  ---------------

OS: Windows 7 , 64 bit Build 7601 Service Pack 1

CPU:total 4 (2 cores per cpu, 2 threads per core) family 6 model 37 stepping 2, cmov, cx8, fxsr, mmx, sse, sse2, sse3, ssse3, sse4.1, sse4.2, popcnt, ht, tsc, tscinvbit

Memory: 4k page, physical 4053864k(938512k free), swap 8105872k(3769316k free)

vm_info: Java HotSpot(TM) Client VM (23.6-b04) for windows-x86 JRE (1.7.0_11-b21), built on Jan 12 2013 02:19:22 by "java_re" with unknown MS VC++:1600

time: Mon Feb 25 19:02:14 2013
elapsed time: 0 seconds

